<?xml version="1.0" encoding="UTF-8" ?>
<testsuite tests="6" failures="0" name="fr.univavignon.pokedex.api.IPokedexTest" time="0.583" errors="0" skipped="0">
  <properties>
[...]
</properties>
  <testcase classname="fr.univavignon.pokedex.api.IPokedexTest" name="testGetPokemonMetadataException" time="0.536"/>
  <testcase classname="fr.univavignon.pokedex.api.IPokedexTest" name="testCreatePokemon" time="0.008"/>
  <testcase classname="fr.univavignon.pokedex.api.IPokedexTest" name="testGetPokemonsSorted" time="0.014"/>
  <testcase classname="fr.univavignon.pokedex.api.IPokedexTest" name="testGetPokemon" time="0.008"/>
  <testcase classname="fr.univavignon.pokedex.api.IPokedexTest" name="testGetPokemonMetadata" time="0.009"/>
  <testcase classname="fr.univavignon.pokedex.api.IPokedexTest" name="testGetPokemons" time="0.008"/>
</testsuite>